<?xml version="1.0" encoding="UTF-8"?>
<!-- Generated by org.testng.reporters.JUnitXMLReporter -->
<testsuite ignored="7" hostname="ALEXIS-PC" failures="0" tests="1" name="Default test" time="7.152" errors="0" timestamp="2023-07-21T18:25:57 CST">
  <testcase classname="tests.GreenKartPractice" name="TC08" time="0.375"/>
  <testcase classname="tests.GreenKartPractice" name="TC02" time="0.0">
    <ignored/>
  </testcase> <!-- TC02 -->
  <testcase classname="tests.GreenKartPractice" name="TC03" time="0.0">
    <ignored/>
  </testcase> <!-- TC03 -->
  <testcase classname="tests.GreenKartPractice" name="TC06" time="0.0">
    <ignored/>
  </testcase> <!-- TC06 -->
  <testcase classname="tests.GreenKartPractice" name="TC01" time="0.0">
    <ignored/>
  </testcase> <!-- TC01 -->
  <testcase classname="tests.GreenKartPractice" name="TC04" time="0.0">
    <ignored/>
  </testcase> <!-- TC04 -->
  <testcase classname="tests.GreenKartPractice" name="TC07" time="0.0">
    <ignored/>
  </testcase> <!-- TC07 -->
  <testcase classname="tests.GreenKartPractice" name="TC05" time="0.0">
    <ignored/>
  </testcase> <!-- TC05 -->
</testsuite> <!-- Default test -->
