<?xml version="1.0" encoding="UTF-8"?>
<testng-results ignored="7" total="8" passed="1" failed="0" skipped="0">
  <reporter-output>
  </reporter-output>
  <suite started-at="2023-07-21T18:25:50 CST" name="Default suite" finished-at="2023-07-21T18:25:57 CST" duration-ms="7152">
    <groups>
    </groups>
    <test started-at="2023-07-21T18:25:50 CST" name="Default test" finished-at="2023-07-21T18:25:57 CST" duration-ms="7152">
      <class name="tests.GreenKartPractice">
        <test-method is-config="true" signature="setUp()[pri:0, instance:tests.GreenKartPractice@2e8c1c9b]" started-at="2023-07-21T18:25:50 CST" name="setUp" finished-at="2023-07-21T18:25:56 CST" duration-ms="6733" status="PASS">
          <reporter-output>
          </reporter-output>
        </test-method> <!-- setUp -->
        <test-method signature="TC08()[pri:0, instance:tests.GreenKartPractice@2e8c1c9b]" started-at="2023-07-21T18:25:56 CST" name="TC08" description="Keep 10 items in the table and sort the table | Sort by second column" finished-at="2023-07-21T18:25:57 CST" duration-ms="375" status="PASS">
          <reporter-output>
          </reporter-output>
        </test-method> <!-- TC08 -->
        <test-method is-config="true" signature="teardown()[pri:0, instance:tests.GreenKartPractice@2e8c1c9b]" started-at="2023-07-21T18:25:57 CST" name="teardown" finished-at="2023-07-21T18:25:57 CST" duration-ms="0" status="PASS">
          <reporter-output>
          </reporter-output>
        </test-method> <!-- teardown -->
      </class> <!-- tests.GreenKartPractice -->
    </test> <!-- Default test -->
  </suite> <!-- Default suite -->
</testng-results>
